<?xml version="1.0" encoding="UTF-8"?>
<!-- Generated by org.testng.reporters.JUnitXMLReporter -->
<testsuite ignored="13" hostname="DESKTOP-V7R4QNT" failures="0" tests="1" name="Default test" time="3.466" errors="0" timestamp="2024-03-21T11:55:06 IST">
  <testcase classname="day1.Day1" name="setup" time="3.375"/>
  <testcase classname="day1.Day1" name="create" time="0.0">
    <ignored/>
  </testcase> <!-- create -->
  <testcase classname="day1.Day1" name="singleUserNotFound" time="0.0">
    <ignored/>
  </testcase> <!-- singleUserNotFound -->
  <testcase classname="day1.Day1" name="loginSuccessFul" time="0.0">
    <ignored/>
  </testcase> <!-- loginSuccessFul -->
  <testcase classname="day1.Day1" name="SingleUser" time="0.0">
    <ignored/>
  </testcase> <!-- SingleUser -->
  <testcase classname="day1.Day1" name="UnsuccessfulLogin" time="0.0">
    <ignored/>
  </testcase> <!-- UnsuccessfulLogin -->
  <testcase classname="day1.Day1" name="Register" time="0.0">
    <ignored/>
  </testcase> <!-- Register -->
  <testcase classname="day1.Day1" name="listResourse" time="0.0">
    <ignored/>
  </testcase> <!-- listResourse -->
  <testcase classname="day1.Day1" name="Delete" time="0.0">
    <ignored/>
  </testcase> <!-- Delete -->
  <testcase classname="day1.Day1" name="listuser" time="0.0">
    <ignored/>
  </testcase> <!-- listuser -->
  <testcase classname="day1.Day1" name="singleRessourse" time="0.0">
    <ignored/>
  </testcase> <!-- singleRessourse -->
  <testcase classname="day1.Day1" name="ListUsers" time="0.0">
    <ignored/>
  </testcase> <!-- ListUsers -->
  <testcase classname="day1.Day1" name="UnSuccessFullRegister" time="0.0">
    <ignored/>
  </testcase> <!-- UnSuccessFullRegister -->
  <testcase classname="day1.Day1" name="singleUser" time="0.0">
    <ignored/>
  </testcase> <!-- singleUser -->
</testsuite> <!-- Default test -->
