<?xml version="1.0" encoding="UTF-8"?>
<testng-results ignored="13" total="14" passed="1" failed="0" skipped="0">
  <reporter-output>
  </reporter-output>
  <suite started-at="2024-03-21T11:55:02 IST" name="Default suite" finished-at="2024-03-21T11:55:06 IST" duration-ms="3466">
    <groups>
    </groups>
    <test started-at="2024-03-21T11:55:02 IST" name="Default test" finished-at="2024-03-21T11:55:06 IST" duration-ms="3466">
      <class name="day1.Day1">
        <test-method signature="setup()[pri:0, instance:day1.Day1@20140db9]" started-at="2024-03-21T11:55:02 IST" name="setup" finished-at="2024-03-21T11:55:06 IST" duration-ms="3375" status="PASS">
          <reporter-output>
          </reporter-output>
        </test-method> <!-- setup -->
      </class> <!-- day1.Day1 -->
    </test> <!-- Default test -->
  </suite> <!-- Default suite -->
</testng-results>
